2025-10-24 14:37:30,569 - INFO - 拓扑文件:   tsn_mesh_550_dual.json
2025-10-24 14:37:30,569 - INFO - 流文件:     tsn_st_flows_id_priority.json
2025-10-24 14:37:30,569 - INFO - 输出文件:   tsn_schedule_result_enhanced.json
2025-10-24 14:37:30,569 - INFO - 加载拓扑: D:\coding\code_Py\10_23\tsn_mesh_550_dual.json
2025-10-24 14:37:30,607 - INFO - 拓扑加载完成: 550节点, 1329链路, 2658端口
2025-10-24 14:37:30,607 - INFO - 端口映射示例（增强格式）:
2025-10-24 14:37:30,607 - INFO -   SW001_p0_to_SW190_p0
2025-10-24 14:37:30,607 - INFO -     -> 节点SW001的端口0 连接到 节点SW190的端口0
2025-10-24 14:37:30,607 - INFO -   SW190_p0_to_SW001_p0
2025-10-24 14:37:30,607 - INFO -     -> 节点SW190的端口0 连接到 节点SW001的端口0
2025-10-24 14:37:30,608 - INFO -   SW001_p1_to_SW058_p0
2025-10-24 14:37:30,608 - INFO -     -> 节点SW001的端口1 连接到 节点SW058的端口0
2025-10-24 14:37:30,608 - INFO -   SW058_p0_to_SW001_p1
2025-10-24 14:37:30,608 - INFO -     -> 节点SW058的端口0 连接到 节点SW001的端口1
2025-10-24 14:37:30,608 - INFO -   SW002_p0_to_SW200_p0
2025-10-24 14:37:30,608 - INFO -     -> 节点SW002的端口0 连接到 节点SW200的端口0
2025-10-24 14:37:30,608 - INFO - 加载流信息: D:\coding\code_Py\10_23\tsn_st_flows_id_priority.json
2025-10-24 14:37:30,633 - INFO - 流加载完成: 1000条
2025-10-24 14:37:30,633 - INFO - 初始化完成 (0.06秒)

2025-10-24 14:37:30,633 - INFO - 共1000条流待调度

2025-10-24 14:37:30,633 - INFO - 开始路径规划: 1000条流
2025-10-24 14:37:31,738 - INFO -   路径规划进度: 100/1000
2025-10-24 14:37:32,843 - INFO -   路径规划进度: 200/1000
2025-10-24 14:37:33,941 - INFO -   路径规划进度: 300/1000
2025-10-24 14:37:35,015 - INFO -   路径规划进度: 400/1000
2025-10-24 14:37:36,103 - INFO -   路径规划进度: 500/1000
2025-10-24 14:37:37,240 - INFO -   路径规划进度: 600/1000
2025-10-24 14:37:38,331 - INFO -   路径规划进度: 700/1000
2025-10-24 14:37:39,422 - INFO -   路径规划进度: 800/1000
2025-10-24 14:37:40,517 - INFO -   路径规划进度: 900/1000
2025-10-24 14:37:41,621 - INFO -   路径规划进度: 1000/1000
2025-10-24 14:37:41,637 - INFO - 路径规划完成
2025-10-24 14:37:41,637 - INFO - 阶段1完成: 路径规划 (11.00秒)

2025-10-24 14:37:41,637 - INFO - 开始时隙分配: 1000条流
2025-10-24 14:37:41,960 - INFO -   分配进度: 100/1000 (10.0%) | 成功率: 99.0%
2025-10-24 14:37:42,390 - INFO -   分配进度: 200/1000 (20.0%) | 成功率: 99.5%
2025-10-24 14:37:43,458 - INFO -   分配进度: 300/1000 (30.0%) | 成功率: 96.3%
2025-10-24 14:37:44,506 - INFO -   分配进度: 400/1000 (40.0%) | 成功率: 95.8%
2025-10-24 14:37:46,023 - INFO -   分配进度: 500/1000 (50.0%) | 成功率: 94.4%
2025-10-24 14:37:48,733 - INFO -   分配进度: 600/1000 (60.0%) | 成功率: 91.7%
2025-10-24 14:37:51,667 - INFO -   分配进度: 700/1000 (70.0%) | 成功率: 90.9%
2025-10-24 14:37:54,562 - INFO -   分配进度: 800/1000 (80.0%) | 成功率: 89.0%
2025-10-24 14:37:58,234 - INFO -   分配进度: 900/1000 (90.0%) | 成功率: 87.9%
2025-10-24 14:38:01,879 - INFO -   分配进度: 1000/1000 (100.0%) | 成功率: 86.9%
2025-10-24 14:38:01,894 - INFO - 时隙分配完成: 869/1000 成功
2025-10-24 14:38:01,894 - INFO - 阶段2完成: 时隙分配 (20.26秒)

2025-10-24 14:38:01,894 - INFO - 开始约束验证...
2025-10-24 14:38:02,810 - INFO - 约束验证通过
2025-10-24 14:38:02,810 - INFO - 阶段3完成: 约束验证 (0.92秒)

2025-10-24 14:38:02,810 - INFO - 调度结果统计
2025-10-24 14:38:02,810 - INFO - 总流数:           1000
2025-10-24 14:38:02,810 - INFO - 成功调度:         869
2025-10-24 14:38:02,810 - INFO - 失败:             131
2025-10-24 14:38:02,810 - INFO - 成功率:           86.90%
2025-10-24 14:38:02,810 - INFO - 执行时间:         32.18秒
2025-10-24 14:38:02,810 - INFO -   - 路径规划:     11.00秒
2025-10-24 14:38:02,810 - INFO -   - 时隙分配:     20.26秒
2025-10-24 14:38:02,810 - INFO -   - 约束验证:     0.92秒
2025-10-24 14:38:02,810 - INFO - 约束验证:         通过
2025-10-24 14:38:02,810 - INFO - 平均端口利用率:   0.00%
2025-10-24 14:38:02,810 - INFO - 最大端口利用率:   0.00%
2025-10-24 14:38:02,810 - INFO - ================================================================================
2025-10-24 14:38:02,810 - INFO - 导出结果: D:\coding\code_Py\10_23\tsn_schedule_result_enhanced.json
2025-10-24 14:38:09,148 - INFO - 结果导出完成
2025-10-24 14:38:09,232 - INFO - 端口映射表已导出: D:\coding\code_Py\10_23\tsn_schedule_result_enhanced_port_mapping.json
2025-10-24 14:38:09,233 - INFO - 
 调度成功: 成功率 86.90%
